<?xml version="1.0" encoding="UTF-8"?>
<!-- Generated by org.testng.reporters.JUnitReportReporter -->
<testsuite skipped="0" hostname="Twins-PC" name="org.cts.dataprovider.Sample" tests="2" failures="0" timestamp="05 Feb 2020 11:21:09 GMT" time="45.981" errors="0">
  <testcase name="testCase1" time="29.520" classname="org.cts.dataprovider.Sample"/>
  <testcase name="testCase1" time="16.461" classname="org.cts.dataprovider.Sample"/>
</testsuite> <!-- org.cts.dataprovider.Sample -->
