<?xml version="1.0" encoding="UTF-8"?>
<!-- Generated by org.testng.reporters.JUnitReportReporter -->
<testsuite skipped="0" hostname="Twins-PC" name="org.cts.testing.Class1" tests="1" failures="0" timestamp="04 Feb 2020 11:44:40 GMT" time="11.395" errors="0">
  <testcase name="testCase1" time="11.395" classname="org.cts.testing.Class1"/>
</testsuite> <!-- org.cts.testing.Class1 -->
