<?xml version="1.0" encoding="UTF-8"?>
<!-- Generated by org.testng.reporters.JUnitReportReporter -->
<testsuite skipped="0" hostname="Twins-PC" name="org.cts.testing.PassParameters" tests="1" failures="0" timestamp="04 Feb 2020 17:17:47 GMT" time="6.549" errors="0">
  <testcase name="testCase1" time="6.549" classname="org.cts.testing.PassParameters"/>
</testsuite> <!-- org.cts.testing.PassParameters -->
