<?xml version="1.0" encoding="UTF-8"?>
<!-- Generated by org.testng.reporters.JUnitReportReporter -->
<testsuite skipped="0" hostname="Twins-PC" name="org.cts.dataprovider.Sam" tests="2" failures="0" timestamp="05 Feb 2020 10:28:26 GMT" time="0.032" errors="0">
  <testcase name="meth" time="0.000" classname="org.cts.dataprovider.Sam"/>
  <testcase name="meth" time="0.032" classname="org.cts.dataprovider.Sam"/>
</testsuite> <!-- org.cts.dataprovider.Sam -->
